Build started 05/05/2017 20:27:02.
     1>Project "C:\Users\MichaelKata\documents\visual studio 2010\Projects\Advance01\Advance01\Advance01.vcxproj" on node 2 (build target(s)).
     1>InitializeBuildStatus:
         Creating "Debug\Advance01.unsuccessfulbuild" because "AlwaysCreate" was specified.
       ClCompile:
         C:\Program Files (x86)\Microsoft Visual Studio 10.0\VC\bin\CL.exe /c /ZI /nologo /W3 /WX- /Od /Oy- /D WIN32 /D _DEBUG /D _CONSOLE /D _UNICODE /D UNICODE /Gm /EHsc /RTC1 /MDd /GS /fp:precise /Zc:wchar_t /Zc:forScope /Fo"Debug\\" /Fd"Debug\vc100.pdb" /Gd /TC /analyze- /errorReport:prompt sulotion.c
         sulotion.c
     1>c:\users\michaelkata\documents\visual studio 2010\projects\advance01\advance01\sulotion.c(15): warning C4305: 'function' : truncation from '__int64' to 'int'
       ManifestResourceCompile:
         All outputs are up-to-date.
       Link:
         C:\Program Files (x86)\Microsoft Visual Studio 10.0\VC\bin\link.exe /ERRORREPORT:PROMPT /OUT:"C:\Users\MichaelKata\documents\visual studio 2010\Projects\Advance01\Debug\Advance01.exe" /INCREMENTAL /NOLOGO kernel32.lib user32.lib gdi32.lib winspool.lib comdlg32.lib advapi32.lib shell32.lib ole32.lib oleaut32.lib uuid.lib odbc32.lib odbccp32.lib /MANIFEST /ManifestFile:"Debug\Advance01.exe.intermediate.manifest" /MANIFESTUAC:"level='asInvoker' uiAccess='false'" /DEBUG /PDB:"C:\Users\MichaelKata\documents\visual studio 2010\Projects\Advance01\Debug\Advance01.pdb" /SUBSYSTEM:CONSOLE /TLBID:1 /DYNAMICBASE /NXCOMPAT /IMPLIB:"C:\Users\MichaelKata\documents\visual studio 2010\Projects\Advance01\Debug\Advance01.lib" /MACHINE:X86 Debug\Advance01.exe.embed.manifest.res
         Debug\myInt.obj
         Debug\sulotion.obj
       Manifest:
         C:\Program Files (x86)\Microsoft SDKs\Windows\v7.0A\bin\mt.exe /nologo /verbose /out:"Debug\Advance01.exe.embed.manifest" /manifest Debug\Advance01.exe.intermediate.manifest
         All outputs are up-to-date.
       LinkEmbedManifest:
         All outputs are up-to-date.
         Advance01.vcxproj -> C:\Users\MichaelKata\documents\visual studio 2010\Projects\Advance01\Debug\Advance01.exe
       FinalizeBuildStatus:
         Deleting file "Debug\Advance01.unsuccessfulbuild".
         Touching "Debug\Advance01.lastbuildstate".
     1>Done Building Project "C:\Users\MichaelKata\documents\visual studio 2010\Projects\Advance01\Advance01\Advance01.vcxproj" (build target(s)).

Build succeeded.

Time Elapsed 00:00:00.33
