C:\USERS\MICHAELKATA\DOCUMENTS\VISUAL STUDIO 2010\PROJECTS\ADVANCE01\ADVANCE01\DEBUG\ADVANCE01.EXE.EMBED.MANIFEST
C:\USERS\MICHAELKATA\DOCUMENTS\VISUAL STUDIO 2010\PROJECTS\ADVANCE01\ADVANCE01\DEBUG\ADVANCE01.EXE.EMBED.MANIFEST.RES
C:\USERS\MICHAELKATA\DOCUMENTS\VISUAL STUDIO 2010\PROJECTS\ADVANCE01\ADVANCE01\DEBUG\ADVANCE01.EXE.INTERMEDIATE.MANIFEST
C:\Users\MichaelKata\Documents\Visual Studio 2010\Projects\Advance01\Advance01\Debug\Advance01.write.1.tlog
C:\Users\MichaelKata\Documents\Visual Studio 2010\Projects\Advance01\Advance01\Debug\Advance01_manifest.rc
C:\Users\MichaelKata\Documents\Visual Studio 2010\Projects\Advance01\Advance01\Debug\cl.command.1.tlog
C:\Users\MichaelKata\Documents\Visual Studio 2010\Projects\Advance01\Advance01\Debug\CL.read.1.tlog
C:\Users\MichaelKata\Documents\Visual Studio 2010\Projects\Advance01\Advance01\Debug\CL.write.1.tlog
C:\Users\MichaelKata\Documents\Visual Studio 2010\Projects\Advance01\Advance01\Debug\link.9628.read.1.tlog
C:\Users\MichaelKata\Documents\Visual Studio 2010\Projects\Advance01\Advance01\Debug\link.9628.write.1.tlog
C:\Users\MichaelKata\Documents\Visual Studio 2010\Projects\Advance01\Advance01\Debug\link.9628-cvtres.read.1.tlog
C:\Users\MichaelKata\Documents\Visual Studio 2010\Projects\Advance01\Advance01\Debug\link.9628-cvtres.write.1.tlog
C:\Users\MichaelKata\Documents\Visual Studio 2010\Projects\Advance01\Advance01\Debug\link.command.1.tlog
C:\Users\MichaelKata\Documents\Visual Studio 2010\Projects\Advance01\Advance01\Debug\link.read.1.tlog
C:\Users\MichaelKata\Documents\Visual Studio 2010\Projects\Advance01\Advance01\Debug\link.write.1.tlog
C:\Users\MichaelKata\Documents\Visual Studio 2010\Projects\Advance01\Advance01\Debug\link-cvtres.read.1.tlog
C:\Users\MichaelKata\Documents\Visual Studio 2010\Projects\Advance01\Advance01\Debug\link-cvtres.write.1.tlog
C:\Users\MichaelKata\Documents\Visual Studio 2010\Projects\Advance01\Advance01\Debug\mt.command.1.tlog
C:\Users\MichaelKata\Documents\Visual Studio 2010\Projects\Advance01\Advance01\Debug\mt.read.1.tlog
C:\Users\MichaelKata\Documents\Visual Studio 2010\Projects\Advance01\Advance01\Debug\mt.write.1.tlog
C:\USERS\MICHAELKATA\DOCUMENTS\VISUAL STUDIO 2010\PROJECTS\ADVANCE01\ADVANCE01\DEBUG\MYINT.OBJ
C:\Users\MichaelKata\Documents\Visual Studio 2010\Projects\Advance01\Advance01\Debug\rc.command.1.tlog
C:\Users\MichaelKata\Documents\Visual Studio 2010\Projects\Advance01\Advance01\Debug\rc.read.1.tlog
C:\Users\MichaelKata\Documents\Visual Studio 2010\Projects\Advance01\Advance01\Debug\rc.write.1.tlog
C:\USERS\MICHAELKATA\DOCUMENTS\VISUAL STUDIO 2010\PROJECTS\ADVANCE01\ADVANCE01\DEBUG\SULOTION.OBJ
C:\Users\MichaelKata\Documents\Visual Studio 2010\Projects\Advance01\Advance01\Debug\vc100.idb
C:\USERS\MICHAELKATA\DOCUMENTS\VISUAL STUDIO 2010\PROJECTS\ADVANCE01\ADVANCE01\DEBUG\VC100.PDB
C:\USERS\MICHAELKATA\DOCUMENTS\VISUAL STUDIO 2010\PROJECTS\ADVANCE01\DEBUG\ADVANCE01.EXE
C:\USERS\MICHAELKATA\DOCUMENTS\VISUAL STUDIO 2010\PROJECTS\ADVANCE01\DEBUG\ADVANCE01.ILK
C:\USERS\MICHAELKATA\DOCUMENTS\VISUAL STUDIO 2010\PROJECTS\ADVANCE01\DEBUG\ADVANCE01.PDB
